<?xml version="1.0" encoding="UTF-8"?>
<!-- Generated by org.testng.reporters.JUnitXMLReporter -->
<testsuite ignored="8" hostname="ameur-Lenovo-G510" failures="1" tests="6" name="Command line test" time="37.776" errors="0" timestamp="14 janv. 2023 14:53:58 GMT">
  <testcase classname="org.saucedemo.TestInitialPage" name="validateLoginPageElements" time="10.047"/>
  <testcase classname="org.saucedemo.TestFilter" name="filterFromLowToHigh" time="2.021"/>
  <testcase classname="org.saucedemo.TestMenu" name="about" time="0.547">
    <failure type="java.lang.AssertionError" message="expected [true] but found [false]">
      <![CDATA[java.lang.AssertionError: expected [true] but found [false]
at org.saucedemo.TestMenu.about(TestMenu.java:35)
... Removed 39 stack frames]]>
    </failure>
  </testcase> <!-- about -->
  <testcase classname="org.saucedemo.TestPurchase" name="addItemToCard" time="0.463"/>
  <testcase classname="org.saucedemo.TestLogin" name="loginAttemptWithoutPassword" time="0.606"/>
  <testcase classname="org.saucedemo.TestLogin" name="loginAttemptWithoutUsername" time="0.53"/>
  <testcase classname="org.saucedemo.base.CommonAPI" name="@BeforeSuite extentSetup" time="0.0">
    <ignored/>
  </testcase> <!-- @BeforeSuite extentSetup -->
  <testcase classname="org.saucedemo.base.CommonAPI" name="@BeforeSuite extentSetup" time="0.0">
    <ignored/>
  </testcase> <!-- @BeforeSuite extentSetup -->
  <testcase classname="org.saucedemo.base.CommonAPI" name="@BeforeSuite extentSetup" time="0.0">
    <ignored/>
  </testcase> <!-- @BeforeSuite extentSetup -->
  <testcase classname="org.saucedemo.base.CommonAPI" name="@BeforeSuite extentSetup" time="0.0">
    <ignored/>
  </testcase> <!-- @BeforeSuite extentSetup -->
  <testcase classname="org.saucedemo.base.CommonAPI" name="@AfterSuite generateReport" time="0.0">
    <ignored/>
  </testcase> <!-- @AfterSuite generateReport -->
  <testcase classname="org.saucedemo.base.CommonAPI" name="@AfterSuite generateReport" time="0.0">
    <ignored/>
  </testcase> <!-- @AfterSuite generateReport -->
  <testcase classname="org.saucedemo.base.CommonAPI" name="@AfterSuite generateReport" time="0.0">
    <ignored/>
  </testcase> <!-- @AfterSuite generateReport -->
  <testcase classname="org.saucedemo.base.CommonAPI" name="@AfterSuite generateReport" time="0.0">
    <ignored/>
  </testcase> <!-- @AfterSuite generateReport -->
</testsuite> <!-- Command line test -->
